<?xml version="1.0" encoding="UTF-8"?>
<testsuite xmlns:xsi="http://www.w3.org/2001/XMLSchema-instance" xsi:noNamespaceSchemaLocation="https://maven.apache.org/surefire/maven-surefire-plugin/xsd/surefire-test-report-3.0.xsd" version="3.0" name="com.inventory.controller.CustomerControllerTest" time="2.085" tests="3" errors="0" skipped="0" failures="0">
  <properties>
[...]
</properties>
  <testcase name="testAddCustomer" classname="com.inventory.controller.CustomerControllerTest" time="0.006"/>
  <testcase name="testEmptyCustomerList" classname="com.inventory.controller.CustomerControllerTest" time="0.0"/>
  <testcase name="testListCustomers" classname="com.inventory.controller.CustomerControllerTest" time="0.016"/>
</testsuite>