<?xml version="1.0" encoding="UTF-8"?>
<!-- Generated by org.testng.reporters.JUnitXMLReporter -->
<testsuite ignored="0" hostname="Bhagya-Adikari22" failures="0" tests="17" name="Controller Tests" time="3.069" errors="0" timestamp="2026-03-11T14:23:06 IST">
  <testcase classname="com.inventory.controller.InventoryControllerTest" name="testAddProduct" time="0.07"/>
  <testcase classname="com.inventory.controller.InventoryControllerTest" name="testListProductsWhenEmpty" time="0.015"/>
  <testcase classname="com.inventory.controller.InventoryControllerTest" name="testListProductsWithData" time="0.034"/>
  <testcase classname="com.inventory.controller.InventoryControllerTest" name="testRemoveProduct" time="0.003"/>
  <testcase classname="com.inventory.controller.BDDInventoryTest" name="givenAnEmptyInventory_whenAProductIsAdded_thenTheTotalCountShouldIncrease" time="0.005"/>
  <testcase classname="com.inventory.controller.BDDInventoryTest" name="givenInventoryWithProduct_whenProductIsRemoved_thenItShouldNoLongerExist" time="0.003"/>
  <testcase classname="com.inventory.controller.CustomerControllerTest" name="testAddCustomer" time="0.005"/>
  <testcase classname="com.inventory.controller.CustomerControllerTest" name="testEmptyCustomerList" time="0.003"/>
  <testcase classname="com.inventory.controller.CustomerControllerTest" name="testListCustomers" time="0.016"/>
  <testcase classname="com.inventory.controller.OrderControllerTest" name="testListOrders" time="0.051"/>
  <testcase classname="com.inventory.controller.OrderControllerTest" name="testPlaceOrderInsufficientStock" time="0.003"/>
  <testcase classname="com.inventory.controller.OrderControllerTest" name="testPlaceOrderProductNotFound" time="0.002"/>
  <testcase classname="com.inventory.controller.OrderControllerTest" name="testPlaceOrderSuccess" time="0.003"/>
  <testcase classname="com.inventory.controller.SupplierControllerTest" name="testAddSupplier" time="0.003"/>
  <testcase classname="com.inventory.controller.SupplierControllerTest" name="testEmptySupplierList" time="0.003"/>
  <testcase classname="com.inventory.controller.SupplierControllerTest" name="testListSuppliers" time="0.004"/>
  <testcase classname="com.inventory.controller.SupplierControllerTest" name="testRemoveSupplier" time="0.003"/>
</testsuite> <!-- Controller Tests -->
