<?xml version="1.0" encoding="UTF-8"?>
<!-- Generated by org.testng.reporters.JUnitXMLReporter -->
<testsuite ignored="0" hostname="GovindiTharsh" failures="0" tests="4" name="Surefire test" time="0.12" errors="0" timestamp="2026-03-09T21:53:36 IST">
  <testcase classname="com.inventory.controller.OrderControllerTest" name="testListOrders" time="0.033"/>
  <testcase classname="com.inventory.controller.OrderControllerTest" name="testPlaceOrderInsufficientStock" time="0.001"/>
  <testcase classname="com.inventory.controller.OrderControllerTest" name="testPlaceOrderProductNotFound" time="0.001"/>
  <testcase classname="com.inventory.controller.OrderControllerTest" name="testPlaceOrderSuccess" time="0.0"/>
</testsuite> <!-- Surefire test -->
