<?xml version="1.0" encoding="UTF-8"?>
<!-- Generated by org.testng.reporters.JUnitXMLReporter -->
<testsuite ignored="0" hostname="GovindiTharsh" failures="0" tests="4" name="Default test" time="0.194" errors="0" timestamp="2026-03-09T22:48:04 IST">
  <testcase classname="com.inventory.controller.OrderControllerTest" name="testListOrders" time="0.073"/>
  <testcase classname="com.inventory.controller.OrderControllerTest" name="testPlaceOrderInsufficientStock" time="0.003"/>
  <testcase classname="com.inventory.controller.OrderControllerTest" name="testPlaceOrderProductNotFound" time="0.002"/>
  <testcase classname="com.inventory.controller.OrderControllerTest" name="testPlaceOrderSuccess" time="0.002"/>
</testsuite> <!-- Default test -->
