<?xml version="1.0" encoding="UTF-8"?>
<!-- Generated by org.testng.reporters.JUnitXMLReporter -->
<testsuite ignored="0" hostname="VenuriNuwanga" failures="0" tests="4" name="Default test" time="1.266" errors="0" timestamp="2026-03-09T19:30:32 IST">
  <testcase classname="com.inventory.controller.InventoryControllerTest" name="testAddProduct" time="0.069"/>
  <testcase classname="com.inventory.controller.InventoryControllerTest" name="testListProductsWhenEmpty" time="0.037"/>
  <testcase classname="com.inventory.controller.InventoryControllerTest" name="testListProductsWithData" time="0.06"/>
  <testcase classname="com.inventory.controller.InventoryControllerTest" name="testRemoveProduct" time="0.004"/>
</testsuite> <!-- Default test -->
