<?xml version="1.0" encoding="UTF-8"?>
<!-- Generated by org.testng.reporters.JUnitXMLReporter -->
<testsuite ignored="0" hostname="Bhagya-Adikari22" failures="0" tests="3" name="Surefire test" time="0.134" errors="0" timestamp="2026-03-04T12:00:31 IST">
  <testcase classname="com.inventory.controller.CustomerControllerTest" name="testAddCustomer" time="0.008"/>
  <testcase classname="com.inventory.controller.CustomerControllerTest" name="testEmptyCustomerList" time="0.001"/>
  <testcase classname="com.inventory.controller.CustomerControllerTest" name="testListCustomers" time="0.017"/>
</testsuite> <!-- Surefire test -->
