<?xml version="1.0" encoding="UTF-8"?>
<testsuite xmlns:xsi="http://www.w3.org/2001/XMLSchema-instance" xsi:noNamespaceSchemaLocation="https://maven.apache.org/surefire/maven-surefire-plugin/xsd/surefire-test-report.xsd" version="3.0.2" name="com.inventory.controller.CustomerControllerTest" time="1.209" tests="3" errors="0" skipped="0" failures="0">
  <properties>
[...]
</properties>
  <testcase name="testAddCustomer" classname="com.inventory.controller.CustomerControllerTest" time="0.01"/>
  <testcase name="testEmptyCustomerList" classname="com.inventory.controller.CustomerControllerTest" time="0.0"/>
  <testcase name="testListCustomers" classname="com.inventory.controller.CustomerControllerTest" time="0.022"/>
</testsuite>