<?xml version="1.0" encoding="UTF-8"?>
<testng-results ignored="0" total="3" passed="3" failed="0" skipped="0">
  <reporter-output>
  </reporter-output>
  <suite started-at="2026-03-07T21:57:40 IST" name="Default suite" finished-at="2026-03-07T21:57:40 IST" duration-ms="64">
    <groups>
    </groups>
    <test started-at="2026-03-07T21:57:40 IST" name="Default test" finished-at="2026-03-07T21:57:40 IST" duration-ms="64">
      <class name="com.inventory.controller.CustomerControllerTest">
        <test-method is-config="true" signature="setUp()[pri:0, instance:com.inventory.controller.CustomerControllerTest@1622f1b]" started-at="2026-03-07T21:57:40 IST" name="setUp" finished-at="2026-03-07T21:57:40 IST" duration-ms="4" status="PASS">
          <reporter-output>
          </reporter-output>
        </test-method> <!-- setUp -->
        <test-method signature="testAddCustomer()[pri:0, instance:com.inventory.controller.CustomerControllerTest@1622f1b]" started-at="2026-03-07T21:57:40 IST" name="testAddCustomer" finished-at="2026-03-07T21:57:40 IST" duration-ms="8" status="PASS">
          <reporter-output>
          </reporter-output>
        </test-method> <!-- testAddCustomer -->
        <test-method is-config="true" signature="tearDown()[pri:0, instance:com.inventory.controller.CustomerControllerTest@1622f1b]" started-at="2026-03-07T21:57:40 IST" name="tearDown" finished-at="2026-03-07T21:57:40 IST" duration-ms="0" status="PASS">
          <reporter-output>
          </reporter-output>
        </test-method> <!-- tearDown -->
        <test-method signature="testEmptyCustomerList()[pri:0, instance:com.inventory.controller.CustomerControllerTest@1622f1b]" started-at="2026-03-07T21:57:40 IST" name="testEmptyCustomerList" finished-at="2026-03-07T21:57:40 IST" duration-ms="1" status="PASS">
          <reporter-output>
          </reporter-output>
        </test-method> <!-- testEmptyCustomerList -->
        <test-method is-config="true" signature="setUp()[pri:0, instance:com.inventory.controller.CustomerControllerTest@1622f1b]" started-at="2026-03-07T21:57:40 IST" name="setUp" finished-at="2026-03-07T21:57:40 IST" duration-ms="0" status="PASS">
          <reporter-output>
          </reporter-output>
        </test-method> <!-- setUp -->
        <test-method is-config="true" signature="tearDown()[pri:0, instance:com.inventory.controller.CustomerControllerTest@1622f1b]" started-at="2026-03-07T21:57:40 IST" name="tearDown" finished-at="2026-03-07T21:57:40 IST" duration-ms="1" status="PASS">
          <reporter-output>
          </reporter-output>
        </test-method> <!-- tearDown -->
        <test-method is-config="true" signature="setUp()[pri:0, instance:com.inventory.controller.CustomerControllerTest@1622f1b]" started-at="2026-03-07T21:57:40 IST" name="setUp" finished-at="2026-03-07T21:57:40 IST" duration-ms="0" status="PASS">
          <reporter-output>
          </reporter-output>
        </test-method> <!-- setUp -->
        <test-method signature="testListCustomers()[pri:0, instance:com.inventory.controller.CustomerControllerTest@1622f1b]" started-at="2026-03-07T21:57:40 IST" name="testListCustomers" finished-at="2026-03-07T21:57:40 IST" duration-ms="8" status="PASS">
          <reporter-output>
          </reporter-output>
        </test-method> <!-- testListCustomers -->
        <test-method is-config="true" signature="tearDown()[pri:0, instance:com.inventory.controller.CustomerControllerTest@1622f1b]" started-at="2026-03-07T21:57:40 IST" name="tearDown" finished-at="2026-03-07T21:57:40 IST" duration-ms="0" status="PASS">
          <reporter-output>
          </reporter-output>
        </test-method> <!-- tearDown -->
      </class> <!-- com.inventory.controller.CustomerControllerTest -->
    </test> <!-- Default test -->
  </suite> <!-- Default suite -->
</testng-results>
