<?xml version="1.0" encoding="UTF-8"?>
<!-- Generated by org.testng.reporters.JUnitReportReporter -->
<testsuite hostname="TharangaJayawardhane" failures="0" tests="4" name="com.inventory.controller.SupplierControllerTest" time="0.038" errors="0" timestamp="2026-03-07T21:15:00 IST" skipped="0">
  <testcase classname="com.inventory.controller.SupplierControllerTest" name="testRemoveSupplier" time="0.002"/>
  <system-out/>
  <testcase classname="com.inventory.controller.SupplierControllerTest" name="testEmptySupplierList" time="0.002"/>
  <system-out/>
  <testcase classname="com.inventory.controller.SupplierControllerTest" name="testListSuppliers" time="0.013"/>
  <system-out/>
  <testcase classname="com.inventory.controller.SupplierControllerTest" name="testAddSupplier" time="0.021"/>
  <system-out/>
</testsuite> <!-- com.inventory.controller.SupplierControllerTest -->
