<?xml version="1.0" encoding="UTF-8"?>
<!-- Generated by org.testng.reporters.JUnitReportReporter -->
<testsuite hostname="Bhagya-Adikari22" failures="0" tests="4" name="com.inventory.controller.SupplierControllerTest" time="0.017" errors="0" timestamp="2026-03-11T14:23:08 IST" skipped="0">
  <testcase classname="com.inventory.controller.SupplierControllerTest" name="testAddSupplier" time="0.006"/>
  <system-out/>
  <testcase classname="com.inventory.controller.SupplierControllerTest" name="testEmptySupplierList" time="0.003"/>
  <system-out/>
  <testcase classname="com.inventory.controller.SupplierControllerTest" name="testRemoveSupplier" time="0.004"/>
  <system-out/>
  <testcase classname="com.inventory.controller.SupplierControllerTest" name="testListSuppliers" time="0.004"/>
  <system-out/>
</testsuite> <!-- com.inventory.controller.SupplierControllerTest -->
