<?xml version="1.0" encoding="UTF-8"?>
<!-- Generated by org.testng.reporters.JUnitReportReporter -->
<testsuite hostname="VenuriNuwanga" failures="0" tests="4" name="com.inventory.controller.InventoryControllerTest" time="1.181" errors="0" timestamp="2026-03-09T19:30:32 IST" skipped="0">
  <testcase classname="com.inventory.controller.InventoryControllerTest" name="testRemoveProduct" time="0.006"/>
  <system-out/>
  <testcase classname="com.inventory.controller.InventoryControllerTest" name="testAddProduct" time="1.067"/>
  <system-out/>
  <testcase classname="com.inventory.controller.InventoryControllerTest" name="testListProductsWhenEmpty" time="0.039"/>
  <system-out/>
  <testcase classname="com.inventory.controller.InventoryControllerTest" name="testListProductsWithData" time="0.069"/>
  <system-out/>
</testsuite> <!-- com.inventory.controller.InventoryControllerTest -->
