<?xml version="1.0" encoding="UTF-8"?>
<!-- Generated by org.testng.reporters.JUnitReportReporter -->
<testsuite hostname="Bhagya-Adikari22" failures="0" tests="2" name="com.inventory.controller.BDDInventoryTest" time="0.008" errors="0" timestamp="2026-03-11T14:23:08 IST" skipped="0">
  <testcase classname="com.inventory.controller.BDDInventoryTest" name="givenInventoryWithProduct_whenProductIsRemoved_thenItShouldNoLongerExist" time="0.003"/>
  <system-out/>
  <testcase classname="com.inventory.controller.BDDInventoryTest" name="givenAnEmptyInventory_whenAProductIsAdded_thenTheTotalCountShouldIncrease" time="0.005"/>
  <system-out/>
</testsuite> <!-- com.inventory.controller.BDDInventoryTest -->
