<?xml version="1.0" encoding="UTF-8"?>
<!-- Generated by org.testng.reporters.JUnitReportReporter -->
<testsuite hostname="GovindiTharsh" failures="0" tests="4" name="com.inventory.controller.OrderControllerTest" time="0.088" errors="0" timestamp="2026-03-09T22:48:05 IST" skipped="0">
  <testcase classname="com.inventory.controller.OrderControllerTest" name="testPlaceOrderSuccess" time="0.003"/>
  <system-out/>
  <testcase classname="com.inventory.controller.OrderControllerTest" name="testListOrders" time="0.074"/>
  <system-out/>
  <testcase classname="com.inventory.controller.OrderControllerTest" name="testPlaceOrderInsufficientStock" time="0.004"/>
  <system-out/>
  <testcase classname="com.inventory.controller.OrderControllerTest" name="testPlaceOrderProductNotFound" time="0.007"/>
  <system-out/>
</testsuite> <!-- com.inventory.controller.OrderControllerTest -->
