<?xml version="1.0" encoding="UTF-8"?>
<!-- Generated by org.testng.reporters.JUnitReportReporter -->
<testsuite hostname="Bhagya-Adikari22" failures="0" tests="4" name="com.inventory.controller.InventoryControllerTest" time="1.571" errors="0" timestamp="2026-03-11T14:23:08 IST" skipped="0">
  <testcase classname="com.inventory.controller.InventoryControllerTest" name="testListProductsWhenEmpty" time="0.016"/>
  <system-out/>
  <testcase classname="com.inventory.controller.InventoryControllerTest" name="testRemoveProduct" time="0.005"/>
  <system-out/>
  <testcase classname="com.inventory.controller.InventoryControllerTest" name="testListProductsWithData" time="0.041"/>
  <system-out/>
  <testcase classname="com.inventory.controller.InventoryControllerTest" name="testAddProduct" time="1.509"/>
  <system-out/>
</testsuite> <!-- com.inventory.controller.InventoryControllerTest -->
