<?xml version="1.0" encoding="UTF-8"?>
<!-- Generated by org.testng.reporters.JUnitReportReporter -->
<testsuite hostname="Bhagya-Adikari22" failures="0" tests="3" name="com.inventory.controller.CustomerControllerTest" time="0.022" errors="0" timestamp="2026-03-07T21:57:40 IST" skipped="0">
  <testcase classname="com.inventory.controller.CustomerControllerTest" name="testEmptyCustomerList" time="0.001"/>
  <system-out/>
  <testcase classname="com.inventory.controller.CustomerControllerTest" name="testAddCustomer" time="0.009"/>
  <system-out/>
  <testcase classname="com.inventory.controller.CustomerControllerTest" name="testListCustomers" time="0.012"/>
  <system-out/>
</testsuite> <!-- com.inventory.controller.CustomerControllerTest -->
